<?xml version="1.0" encoding="UTF-8"?>
<testng-results ignored="0" total="2" passed="2" failed="0" skipped="0">
  <reporter-output>
  </reporter-output>
  <suite started-at="2025-03-29T14:21:40 IST" name="Default suite" finished-at="2025-03-29T14:21:40 IST" duration-ms="49">
    <groups>
    </groups>
    <test started-at="2025-03-29T14:21:40 IST" name="Default test" finished-at="2025-03-29T14:21:40 IST" duration-ms="49">
      <class name="sumanth.Apptest">
        <test-method signature="testlogin2()[pri:0, instance:sumanth.Apptest@7bab3f1a]" started-at="2025-03-29T14:21:40 IST" name="testlogin2" finished-at="2025-03-29T14:21:40 IST" duration-ms="16" status="PASS">
          <reporter-output>
          </reporter-output>
        </test-method> <!-- testlogin2 -->
        <test-method signature="testloginl()[pri:0, instance:sumanth.Apptest@7bab3f1a]" started-at="2025-03-29T14:21:40 IST" name="testloginl" finished-at="2025-03-29T14:21:40 IST" duration-ms="1" status="PASS">
          <reporter-output>
          </reporter-output>
        </test-method> <!-- testloginl -->
      </class> <!-- sumanth.Apptest -->
    </test> <!-- Default test -->
  </suite> <!-- Default suite -->
</testng-results>
